<?xml version="1.0" encoding="UTF-8"?>
<!-- Generated by org.testng.reporters.JUnitReportReporter -->
<testsuite skipped="0" hostname="DESKTOP-65RRAID" name="test.LandingTest" tests="1" failures="0" timestamp="2021-03-21T05:48:03 EDT" time="6.356" errors="0">
  <testcase name="verifyPagetitle" time="6.356" classname="test.LandingTest"/>
  <system-out/>
</testsuite> <!-- test.LandingTest -->
