<?xml version="1.0" encoding="UTF-8"?>
<!-- Generated by org.testng.reporters.JUnitReportReporter -->
<testsuite skipped="0" hostname="DESKTOP-65RRAID" name="test.DashBoardTest" tests="1" failures="0" timestamp="2021-03-22T12:51:03 EDT" time="14.762" errors="0">
  <testcase name="dashboardbuttons" time="14.762" classname="test.DashBoardTest"/>
  <system-out/>
</testsuite> <!-- test.DashBoardTest -->
