<?xml version="1.0" encoding="UTF-8"?>
<!-- Generated by org.testng.reporters.JUnitReportReporter -->
<testsuite skipped="0" hostname="DESKTOP-65RRAID" name="test.AddCustomerTest" tests="1" failures="0" timestamp="2021-03-22T12:51:03 EDT" time="19.213" errors="0">
  <testcase name="usershouldabletoaddcustomer" time="19.213" classname="test.AddCustomerTest"/>
  <system-out/>
</testsuite> <!-- test.AddCustomerTest -->
